2025-08-31 22:15:48,771 - DEBUG - 2 changes detected: {(<Change.modified: 2>, 'E:\\Next JS\\researchbot\\backend\\logs'), (<Change.added: 1>, 'E:\\Next JS\\researchbot\\backend\\logs\\research_assistant_20250831_221548.log')}
2025-08-31 22:15:49,136 - DEBUG - 2 changes detected: {(<Change.modified: 2>, 'E:\\Next JS\\researchbot\\backend\\logs'), (<Change.modified: 2>, 'E:\\Next JS\\researchbot\\backend\\logs\\research_assistant_20250831_221548.log')}
2025-08-31 22:35:59,325 - DEBUG - 1 change detected: {(<Change.modified: 2>, 'E:\\Next JS\\researchbot\\backend\\papers_metadata.json')}
2025-08-31 22:36:31,833 - DEBUG - 1 change detected: {(<Change.deleted: 3>, 'E:\\Next JS\\researchbot\\backend\\vectorstore.pkl')}
2025-08-31 22:36:40,852 - DEBUG - 1 change detected: {(<Change.modified: 2>, 'E:\\Next JS\\researchbot\\backend\\papers_metadata.json')}
2025-08-31 22:37:03,514 - DEBUG - 2 changes detected: {(<Change.modified: 2>, 'E:\\Next JS\\researchbot\\backend\\logs\\research_assistant_20250831_221545.log'), (<Change.modified: 2>, 'E:\\Next JS\\researchbot\\backend\\logs\\research_assistant_20250831_221548.log')}
2025-08-31 22:37:03,934 - DEBUG - 1 change detected: {(<Change.deleted: 3>, 'E:\\Next JS\\researchbot\\backend\\__pycache__')}
2025-08-31 22:37:04,353 - DEBUG - 3 changes detected: {(<Change.deleted: 3>, 'E:\\Next JS\\researchbot\\backend\\chatbot'), (<Change.modified: 2>, 'E:\\Next JS\\researchbot\\backend\\logs\\research_assistant_20250831_221545.log'), (<Change.deleted: 3>, 'E:\\Next JS\\researchbot\\backend\\faiss_index')}
2025-08-31 22:37:04,771 - DEBUG - 1 change detected: {(<Change.modified: 2>, 'E:\\Next JS\\researchbot\\backend\\logs\\research_assistant_20250831_221545.log')}
2025-08-31 22:37:05,181 - DEBUG - 1 change detected: {(<Change.modified: 2>, 'E:\\Next JS\\researchbot\\backend\\logs\\research_assistant_20250831_221545.log')}
2025-08-31 22:37:05,591 - DEBUG - 1 change detected: {(<Change.modified: 2>, 'E:\\Next JS\\researchbot\\backend\\logs\\research_assistant_20250831_221545.log')}
2025-08-31 22:37:05,997 - DEBUG - 1 change detected: {(<Change.modified: 2>, 'E:\\Next JS\\researchbot\\backend\\logs\\research_assistant_20250831_221545.log')}
2025-08-31 22:37:06,406 - DEBUG - 1 change detected: {(<Change.modified: 2>, 'E:\\Next JS\\researchbot\\backend\\logs\\research_assistant_20250831_221545.log')}
2025-08-31 22:37:06,774 - DEBUG - 1 change detected: {(<Change.modified: 2>, 'E:\\Next JS\\researchbot\\backend\\logs\\research_assistant_20250831_221545.log')}
2025-08-31 22:37:07,184 - DEBUG - 1 change detected: {(<Change.modified: 2>, 'E:\\Next JS\\researchbot\\backend\\logs\\research_assistant_20250831_221545.log')}
2025-08-31 22:37:07,588 - DEBUG - 1 change detected: {(<Change.modified: 2>, 'E:\\Next JS\\researchbot\\backend\\logs\\research_assistant_20250831_221545.log')}
2025-08-31 22:37:08,000 - DEBUG - 1 change detected: {(<Change.modified: 2>, 'E:\\Next JS\\researchbot\\backend\\logs\\research_assistant_20250831_221545.log')}
2025-08-31 22:37:08,412 - DEBUG - 1 change detected: {(<Change.modified: 2>, 'E:\\Next JS\\researchbot\\backend\\logs\\research_assistant_20250831_221545.log')}
2025-08-31 22:37:08,818 - DEBUG - 1 change detected: {(<Change.modified: 2>, 'E:\\Next JS\\researchbot\\backend\\logs\\research_assistant_20250831_221545.log')}
2025-08-31 22:37:09,223 - DEBUG - 1 change detected: {(<Change.modified: 2>, 'E:\\Next JS\\researchbot\\backend\\logs\\research_assistant_20250831_221545.log')}
2025-08-31 22:37:09,633 - DEBUG - 1 change detected: {(<Change.modified: 2>, 'E:\\Next JS\\researchbot\\backend\\logs\\research_assistant_20250831_221545.log')}
2025-08-31 22:37:10,038 - DEBUG - 1 change detected: {(<Change.modified: 2>, 'E:\\Next JS\\researchbot\\backend\\logs\\research_assistant_20250831_221545.log')}
2025-08-31 22:37:10,444 - DEBUG - 1 change detected: {(<Change.modified: 2>, 'E:\\Next JS\\researchbot\\backend\\logs\\research_assistant_20250831_221545.log')}
2025-08-31 22:37:10,851 - DEBUG - 1 change detected: {(<Change.modified: 2>, 'E:\\Next JS\\researchbot\\backend\\logs\\research_assistant_20250831_221545.log')}
2025-08-31 22:37:11,256 - DEBUG - 1 change detected: {(<Change.modified: 2>, 'E:\\Next JS\\researchbot\\backend\\logs\\research_assistant_20250831_221545.log')}
2025-08-31 22:37:11,626 - DEBUG - 1 change detected: {(<Change.modified: 2>, 'E:\\Next JS\\researchbot\\backend\\logs\\research_assistant_20250831_221545.log')}
2025-08-31 22:37:12,036 - DEBUG - 1 change detected: {(<Change.modified: 2>, 'E:\\Next JS\\researchbot\\backend\\logs\\research_assistant_20250831_221545.log')}
2025-08-31 22:37:12,454 - DEBUG - 1 change detected: {(<Change.modified: 2>, 'E:\\Next JS\\researchbot\\backend\\logs\\research_assistant_20250831_221545.log')}
2025-08-31 22:37:12,860 - DEBUG - 1 change detected: {(<Change.modified: 2>, 'E:\\Next JS\\researchbot\\backend\\logs\\research_assistant_20250831_221545.log')}
2025-08-31 22:37:13,266 - DEBUG - 1 change detected: {(<Change.modified: 2>, 'E:\\Next JS\\researchbot\\backend\\logs\\research_assistant_20250831_221545.log')}
2025-08-31 22:37:13,675 - DEBUG - 1 change detected: {(<Change.modified: 2>, 'E:\\Next JS\\researchbot\\backend\\logs\\research_assistant_20250831_221545.log')}
2025-08-31 22:37:14,078 - DEBUG - 1 change detected: {(<Change.modified: 2>, 'E:\\Next JS\\researchbot\\backend\\logs\\research_assistant_20250831_221545.log')}
2025-08-31 22:37:14,484 - DEBUG - 1 change detected: {(<Change.modified: 2>, 'E:\\Next JS\\researchbot\\backend\\logs\\research_assistant_20250831_221545.log')}
2025-08-31 22:37:14,889 - DEBUG - 1 change detected: {(<Change.modified: 2>, 'E:\\Next JS\\researchbot\\backend\\logs\\research_assistant_20250831_221545.log')}
2025-08-31 22:37:15,257 - DEBUG - 1 change detected: {(<Change.modified: 2>, 'E:\\Next JS\\researchbot\\backend\\logs\\research_assistant_20250831_221545.log')}
2025-08-31 22:37:15,666 - DEBUG - 2 changes detected: {(<Change.modified: 2>, 'E:\\Next JS\\researchbot\\backend\\logs\\research_assistant_20250831_221545.log'), (<Change.deleted: 3>, 'E:\\Next JS\\researchbot\\backend\\papers_metadata.json')}
2025-08-31 22:37:16,297 - DEBUG - 1 change detected: {(<Change.modified: 2>, 'E:\\Next JS\\researchbot\\backend\\logs\\research_assistant_20250831_221545.log')}
2025-08-31 22:37:16,863 - DEBUG - 1 change detected: {(<Change.modified: 2>, 'E:\\Next JS\\researchbot\\backend\\logs\\research_assistant_20250831_221545.log')}
2025-08-31 22:37:17,286 - DEBUG - 1 change detected: {(<Change.modified: 2>, 'E:\\Next JS\\researchbot\\backend\\logs\\research_assistant_20250831_221545.log')}
2025-08-31 22:37:17,650 - DEBUG - 1 change detected: {(<Change.modified: 2>, 'E:\\Next JS\\researchbot\\backend\\logs\\research_assistant_20250831_221545.log')}
2025-08-31 22:37:18,016 - DEBUG - 1 change detected: {(<Change.modified: 2>, 'E:\\Next JS\\researchbot\\backend\\logs\\research_assistant_20250831_221545.log')}
2025-08-31 22:37:18,429 - DEBUG - 1 change detected: {(<Change.modified: 2>, 'E:\\Next JS\\researchbot\\backend\\logs\\research_assistant_20250831_221545.log')}
2025-08-31 22:37:18,835 - DEBUG - 1 change detected: {(<Change.modified: 2>, 'E:\\Next JS\\researchbot\\backend\\logs\\research_assistant_20250831_221545.log')}
2025-08-31 22:37:19,204 - DEBUG - 1 change detected: {(<Change.modified: 2>, 'E:\\Next JS\\researchbot\\backend\\logs\\research_assistant_20250831_221545.log')}
2025-08-31 22:37:19,614 - DEBUG - 1 change detected: {(<Change.modified: 2>, 'E:\\Next JS\\researchbot\\backend\\logs\\research_assistant_20250831_221545.log')}
2025-08-31 22:37:20,018 - DEBUG - 1 change detected: {(<Change.modified: 2>, 'E:\\Next JS\\researchbot\\backend\\logs\\research_assistant_20250831_221545.log')}
2025-08-31 22:37:20,425 - DEBUG - 1 change detected: {(<Change.modified: 2>, 'E:\\Next JS\\researchbot\\backend\\logs\\research_assistant_20250831_221545.log')}
2025-08-31 22:37:20,833 - DEBUG - 1 change detected: {(<Change.modified: 2>, 'E:\\Next JS\\researchbot\\backend\\logs\\research_assistant_20250831_221545.log')}
2025-08-31 22:37:21,244 - DEBUG - 1 change detected: {(<Change.modified: 2>, 'E:\\Next JS\\researchbot\\backend\\logs\\research_assistant_20250831_221545.log')}
2025-08-31 22:37:21,611 - DEBUG - 1 change detected: {(<Change.modified: 2>, 'E:\\Next JS\\researchbot\\backend\\logs\\research_assistant_20250831_221545.log')}
2025-08-31 22:37:22,020 - DEBUG - 1 change detected: {(<Change.modified: 2>, 'E:\\Next JS\\researchbot\\backend\\logs\\research_assistant_20250831_221545.log')}
2025-08-31 22:37:22,425 - DEBUG - 1 change detected: {(<Change.modified: 2>, 'E:\\Next JS\\researchbot\\backend\\logs\\research_assistant_20250831_221545.log')}
2025-08-31 22:37:22,829 - DEBUG - 1 change detected: {(<Change.modified: 2>, 'E:\\Next JS\\researchbot\\backend\\logs\\research_assistant_20250831_221545.log')}
2025-08-31 22:37:23,325 - DEBUG - 2 changes detected: {(<Change.deleted: 3>, 'E:\\Next JS\\researchbot\\backend\\papers_metadata.json.backup'), (<Change.modified: 2>, 'E:\\Next JS\\researchbot\\backend\\logs\\research_assistant_20250831_221545.log')}
2025-08-31 22:37:23,932 - DEBUG - 1 change detected: {(<Change.modified: 2>, 'E:\\Next JS\\researchbot\\backend\\logs\\research_assistant_20250831_221545.log')}
2025-08-31 22:37:24,309 - DEBUG - 1 change detected: {(<Change.modified: 2>, 'E:\\Next JS\\researchbot\\backend\\logs\\research_assistant_20250831_221545.log')}
2025-08-31 22:37:24,727 - DEBUG - 1 change detected: {(<Change.modified: 2>, 'E:\\Next JS\\researchbot\\backend\\logs\\research_assistant_20250831_221545.log')}
2025-08-31 22:37:25,198 - DEBUG - 1 change detected: {(<Change.modified: 2>, 'E:\\Next JS\\researchbot\\backend\\logs\\research_assistant_20250831_221545.log')}
2025-08-31 22:37:25,603 - DEBUG - 1 change detected: {(<Change.modified: 2>, 'E:\\Next JS\\researchbot\\backend\\logs\\research_assistant_20250831_221545.log')}
2025-08-31 22:37:26,010 - DEBUG - 1 change detected: {(<Change.modified: 2>, 'E:\\Next JS\\researchbot\\backend\\logs\\research_assistant_20250831_221545.log')}
2025-08-31 22:37:26,368 - DEBUG - 1 change detected: {(<Change.modified: 2>, 'E:\\Next JS\\researchbot\\backend\\logs\\research_assistant_20250831_221545.log')}
2025-08-31 22:37:26,777 - DEBUG - 1 change detected: {(<Change.modified: 2>, 'E:\\Next JS\\researchbot\\backend\\logs\\research_assistant_20250831_221545.log')}
2025-08-31 22:37:27,235 - DEBUG - 1 change detected: {(<Change.modified: 2>, 'E:\\Next JS\\researchbot\\backend\\logs\\research_assistant_20250831_221545.log')}
2025-08-31 22:37:27,599 - DEBUG - 1 change detected: {(<Change.modified: 2>, 'E:\\Next JS\\researchbot\\backend\\logs\\research_assistant_20250831_221545.log')}
2025-08-31 22:37:28,056 - DEBUG - 1 change detected: {(<Change.modified: 2>, 'E:\\Next JS\\researchbot\\backend\\logs\\research_assistant_20250831_221545.log')}
2025-08-31 22:37:28,421 - DEBUG - 1 change detected: {(<Change.modified: 2>, 'E:\\Next JS\\researchbot\\backend\\logs\\research_assistant_20250831_221545.log')}
2025-08-31 22:37:28,829 - DEBUG - 1 change detected: {(<Change.modified: 2>, 'E:\\Next JS\\researchbot\\backend\\logs\\research_assistant_20250831_221545.log')}
2025-08-31 22:37:29,402 - DEBUG - 1 change detected: {(<Change.modified: 2>, 'E:\\Next JS\\researchbot\\backend\\logs\\research_assistant_20250831_221545.log')}
2025-08-31 22:37:29,775 - DEBUG - 1 change detected: {(<Change.modified: 2>, 'E:\\Next JS\\researchbot\\backend\\logs\\research_assistant_20250831_221545.log')}
2025-08-31 22:37:30,185 - DEBUG - 1 change detected: {(<Change.modified: 2>, 'E:\\Next JS\\researchbot\\backend\\logs\\research_assistant_20250831_221545.log')}
2025-08-31 22:37:30,591 - DEBUG - 1 change detected: {(<Change.modified: 2>, 'E:\\Next JS\\researchbot\\backend\\logs\\research_assistant_20250831_221545.log')}
2025-08-31 22:37:30,961 - DEBUG - 1 change detected: {(<Change.modified: 2>, 'E:\\Next JS\\researchbot\\backend\\logs\\research_assistant_20250831_221545.log')}
2025-08-31 22:37:31,368 - DEBUG - 1 change detected: {(<Change.modified: 2>, 'E:\\Next JS\\researchbot\\backend\\logs\\research_assistant_20250831_221545.log')}
2025-08-31 22:37:31,774 - DEBUG - 1 change detected: {(<Change.modified: 2>, 'E:\\Next JS\\researchbot\\backend\\logs\\research_assistant_20250831_221545.log')}
2025-08-31 22:37:32,181 - DEBUG - 1 change detected: {(<Change.modified: 2>, 'E:\\Next JS\\researchbot\\backend\\logs\\research_assistant_20250831_221545.log')}
2025-08-31 22:37:32,587 - DEBUG - 1 change detected: {(<Change.modified: 2>, 'E:\\Next JS\\researchbot\\backend\\logs\\research_assistant_20250831_221545.log')}
2025-08-31 22:37:33,004 - DEBUG - 1 change detected: {(<Change.modified: 2>, 'E:\\Next JS\\researchbot\\backend\\logs\\research_assistant_20250831_221545.log')}
2025-08-31 22:37:33,407 - DEBUG - 1 change detected: {(<Change.modified: 2>, 'E:\\Next JS\\researchbot\\backend\\logs\\research_assistant_20250831_221545.log')}
2025-08-31 22:37:33,814 - DEBUG - 1 change detected: {(<Change.modified: 2>, 'E:\\Next JS\\researchbot\\backend\\logs\\research_assistant_20250831_221545.log')}
2025-08-31 22:37:34,221 - DEBUG - 1 change detected: {(<Change.modified: 2>, 'E:\\Next JS\\researchbot\\backend\\logs\\research_assistant_20250831_221545.log')}
2025-08-31 22:37:34,628 - DEBUG - 1 change detected: {(<Change.modified: 2>, 'E:\\Next JS\\researchbot\\backend\\logs\\research_assistant_20250831_221545.log')}
2025-08-31 22:37:35,045 - DEBUG - 1 change detected: {(<Change.modified: 2>, 'E:\\Next JS\\researchbot\\backend\\logs\\research_assistant_20250831_221545.log')}
2025-08-31 22:37:35,452 - DEBUG - 1 change detected: {(<Change.modified: 2>, 'E:\\Next JS\\researchbot\\backend\\logs\\research_assistant_20250831_221545.log')}
2025-08-31 22:37:35,821 - DEBUG - 1 change detected: {(<Change.modified: 2>, 'E:\\Next JS\\researchbot\\backend\\logs\\research_assistant_20250831_221545.log')}
2025-08-31 22:37:36,281 - DEBUG - 1 change detected: {(<Change.modified: 2>, 'E:\\Next JS\\researchbot\\backend\\logs\\research_assistant_20250831_221545.log')}
2025-08-31 22:37:36,645 - DEBUG - 1 change detected: {(<Change.modified: 2>, 'E:\\Next JS\\researchbot\\backend\\logs\\research_assistant_20250831_221545.log')}
2025-08-31 22:37:37,053 - DEBUG - 1 change detected: {(<Change.modified: 2>, 'E:\\Next JS\\researchbot\\backend\\logs\\research_assistant_20250831_221545.log')}
2025-08-31 22:37:37,458 - DEBUG - 1 change detected: {(<Change.modified: 2>, 'E:\\Next JS\\researchbot\\backend\\logs\\research_assistant_20250831_221545.log')}
2025-08-31 22:37:37,864 - DEBUG - 1 change detected: {(<Change.modified: 2>, 'E:\\Next JS\\researchbot\\backend\\logs\\research_assistant_20250831_221545.log')}
2025-08-31 22:37:38,267 - DEBUG - 1 change detected: {(<Change.modified: 2>, 'E:\\Next JS\\researchbot\\backend\\logs\\research_assistant_20250831_221545.log')}
2025-08-31 22:37:38,677 - DEBUG - 1 change detected: {(<Change.modified: 2>, 'E:\\Next JS\\researchbot\\backend\\logs\\research_assistant_20250831_221545.log')}
2025-08-31 22:37:39,115 - DEBUG - 1 change detected: {(<Change.modified: 2>, 'E:\\Next JS\\researchbot\\backend\\logs\\research_assistant_20250831_221545.log')}
2025-08-31 22:37:39,576 - DEBUG - 1 change detected: {(<Change.modified: 2>, 'E:\\Next JS\\researchbot\\backend\\logs\\research_assistant_20250831_221545.log')}
2025-08-31 22:37:39,982 - DEBUG - 1 change detected: {(<Change.modified: 2>, 'E:\\Next JS\\researchbot\\backend\\logs\\research_assistant_20250831_221545.log')}
2025-08-31 22:37:40,343 - DEBUG - 1 change detected: {(<Change.modified: 2>, 'E:\\Next JS\\researchbot\\backend\\logs\\research_assistant_20250831_221545.log')}
2025-08-31 22:37:40,755 - DEBUG - 1 change detected: {(<Change.modified: 2>, 'E:\\Next JS\\researchbot\\backend\\logs\\research_assistant_20250831_221545.log')}
2025-08-31 22:37:41,165 - DEBUG - 1 change detected: {(<Change.modified: 2>, 'E:\\Next JS\\researchbot\\backend\\logs\\research_assistant_20250831_221545.log')}
2025-08-31 22:37:41,569 - DEBUG - 1 change detected: {(<Change.modified: 2>, 'E:\\Next JS\\researchbot\\backend\\logs\\research_assistant_20250831_221545.log')}
2025-08-31 22:37:41,978 - DEBUG - 1 change detected: {(<Change.modified: 2>, 'E:\\Next JS\\researchbot\\backend\\logs\\research_assistant_20250831_221545.log')}
2025-08-31 22:37:42,383 - DEBUG - 1 change detected: {(<Change.modified: 2>, 'E:\\Next JS\\researchbot\\backend\\logs\\research_assistant_20250831_221545.log')}
2025-08-31 22:37:42,789 - DEBUG - 1 change detected: {(<Change.modified: 2>, 'E:\\Next JS\\researchbot\\backend\\logs\\research_assistant_20250831_221545.log')}
2025-08-31 22:37:43,199 - DEBUG - 1 change detected: {(<Change.modified: 2>, 'E:\\Next JS\\researchbot\\backend\\logs\\research_assistant_20250831_221545.log')}
2025-08-31 22:37:43,609 - DEBUG - 1 change detected: {(<Change.modified: 2>, 'E:\\Next JS\\researchbot\\backend\\logs\\research_assistant_20250831_221545.log')}
2025-08-31 22:37:44,016 - DEBUG - 1 change detected: {(<Change.modified: 2>, 'E:\\Next JS\\researchbot\\backend\\logs\\research_assistant_20250831_221545.log')}
2025-08-31 22:37:44,421 - DEBUG - 1 change detected: {(<Change.modified: 2>, 'E:\\Next JS\\researchbot\\backend\\logs\\research_assistant_20250831_221545.log')}
2025-08-31 22:37:44,824 - DEBUG - 1 change detected: {(<Change.modified: 2>, 'E:\\Next JS\\researchbot\\backend\\logs\\research_assistant_20250831_221545.log')}
2025-08-31 22:37:45,231 - DEBUG - 1 change detected: {(<Change.modified: 2>, 'E:\\Next JS\\researchbot\\backend\\logs\\research_assistant_20250831_221545.log')}
2025-08-31 22:37:45,635 - DEBUG - 1 change detected: {(<Change.modified: 2>, 'E:\\Next JS\\researchbot\\backend\\logs\\research_assistant_20250831_221545.log')}
2025-08-31 22:37:46,041 - DEBUG - 1 change detected: {(<Change.modified: 2>, 'E:\\Next JS\\researchbot\\backend\\logs\\research_assistant_20250831_221545.log')}
2025-08-31 22:37:46,449 - DEBUG - 1 change detected: {(<Change.modified: 2>, 'E:\\Next JS\\researchbot\\backend\\logs\\research_assistant_20250831_221545.log')}
2025-08-31 22:37:46,853 - DEBUG - 1 change detected: {(<Change.modified: 2>, 'E:\\Next JS\\researchbot\\backend\\logs\\research_assistant_20250831_221545.log')}
2025-08-31 22:37:47,261 - DEBUG - 1 change detected: {(<Change.modified: 2>, 'E:\\Next JS\\researchbot\\backend\\logs\\research_assistant_20250831_221545.log')}
2025-08-31 22:37:47,664 - DEBUG - 1 change detected: {(<Change.modified: 2>, 'E:\\Next JS\\researchbot\\backend\\logs\\research_assistant_20250831_221545.log')}
2025-08-31 22:37:48,069 - DEBUG - 1 change detected: {(<Change.modified: 2>, 'E:\\Next JS\\researchbot\\backend\\logs\\research_assistant_20250831_221545.log')}
2025-08-31 22:37:48,437 - DEBUG - 1 change detected: {(<Change.modified: 2>, 'E:\\Next JS\\researchbot\\backend\\logs\\research_assistant_20250831_221545.log')}
2025-08-31 22:37:48,845 - DEBUG - 1 change detected: {(<Change.modified: 2>, 'E:\\Next JS\\researchbot\\backend\\logs\\research_assistant_20250831_221545.log')}
2025-08-31 22:37:49,251 - DEBUG - 1 change detected: {(<Change.modified: 2>, 'E:\\Next JS\\researchbot\\backend\\logs\\research_assistant_20250831_221545.log')}
2025-08-31 22:37:49,671 - DEBUG - 1 change detected: {(<Change.modified: 2>, 'E:\\Next JS\\researchbot\\backend\\logs\\research_assistant_20250831_221545.log')}
2025-08-31 22:37:50,076 - DEBUG - 1 change detected: {(<Change.modified: 2>, 'E:\\Next JS\\researchbot\\backend\\logs\\research_assistant_20250831_221545.log')}
2025-08-31 22:37:50,483 - DEBUG - 1 change detected: {(<Change.modified: 2>, 'E:\\Next JS\\researchbot\\backend\\logs\\research_assistant_20250831_221545.log')}
2025-08-31 22:37:50,890 - DEBUG - 1 change detected: {(<Change.modified: 2>, 'E:\\Next JS\\researchbot\\backend\\logs\\research_assistant_20250831_221545.log')}
2025-08-31 22:37:51,347 - DEBUG - 1 change detected: {(<Change.modified: 2>, 'E:\\Next JS\\researchbot\\backend\\logs\\research_assistant_20250831_221545.log')}
2025-08-31 22:37:51,764 - DEBUG - 1 change detected: {(<Change.modified: 2>, 'E:\\Next JS\\researchbot\\backend\\logs\\research_assistant_20250831_221545.log')}
2025-08-31 22:37:52,275 - DEBUG - 1 change detected: {(<Change.modified: 2>, 'E:\\Next JS\\researchbot\\backend\\logs\\research_assistant_20250831_221545.log')}
2025-08-31 22:37:52,845 - DEBUG - 1 change detected: {(<Change.modified: 2>, 'E:\\Next JS\\researchbot\\backend\\logs\\research_assistant_20250831_221545.log')}
2025-08-31 22:37:53,259 - DEBUG - 1 change detected: {(<Change.modified: 2>, 'E:\\Next JS\\researchbot\\backend\\logs\\research_assistant_20250831_221545.log')}
2025-08-31 22:37:53,627 - DEBUG - 1 change detected: {(<Change.modified: 2>, 'E:\\Next JS\\researchbot\\backend\\logs\\research_assistant_20250831_221545.log')}
2025-08-31 22:37:54,072 - DEBUG - 1 change detected: {(<Change.modified: 2>, 'E:\\Next JS\\researchbot\\backend\\logs\\research_assistant_20250831_221545.log')}
2025-08-31 22:37:54,593 - DEBUG - 1 change detected: {(<Change.modified: 2>, 'E:\\Next JS\\researchbot\\backend\\logs\\research_assistant_20250831_221545.log')}
2025-08-31 22:37:55,103 - DEBUG - 1 change detected: {(<Change.modified: 2>, 'E:\\Next JS\\researchbot\\backend\\logs\\research_assistant_20250831_221545.log')}
2025-08-31 22:37:55,603 - DEBUG - 1 change detected: {(<Change.modified: 2>, 'E:\\Next JS\\researchbot\\backend\\logs\\research_assistant_20250831_221545.log')}
2025-08-31 22:37:56,018 - DEBUG - 1 change detected: {(<Change.modified: 2>, 'E:\\Next JS\\researchbot\\backend\\logs\\research_assistant_20250831_221545.log')}
2025-08-31 22:37:56,400 - DEBUG - 1 change detected: {(<Change.modified: 2>, 'E:\\Next JS\\researchbot\\backend\\logs\\research_assistant_20250831_221545.log')}
2025-08-31 22:37:56,826 - DEBUG - 1 change detected: {(<Change.modified: 2>, 'E:\\Next JS\\researchbot\\backend\\logs\\research_assistant_20250831_221545.log')}
2025-08-31 22:37:57,243 - DEBUG - 1 change detected: {(<Change.modified: 2>, 'E:\\Next JS\\researchbot\\backend\\logs\\research_assistant_20250831_221545.log')}
2025-08-31 22:37:57,665 - DEBUG - 1 change detected: {(<Change.modified: 2>, 'E:\\Next JS\\researchbot\\backend\\logs\\research_assistant_20250831_221545.log')}
2025-08-31 22:37:58,031 - DEBUG - 1 change detected: {(<Change.modified: 2>, 'E:\\Next JS\\researchbot\\backend\\logs\\research_assistant_20250831_221545.log')}
2025-08-31 22:37:58,444 - DEBUG - 1 change detected: {(<Change.modified: 2>, 'E:\\Next JS\\researchbot\\backend\\logs\\research_assistant_20250831_221545.log')}
2025-08-31 22:37:58,807 - DEBUG - 1 change detected: {(<Change.modified: 2>, 'E:\\Next JS\\researchbot\\backend\\logs\\research_assistant_20250831_221545.log')}
2025-08-31 22:37:59,227 - DEBUG - 1 change detected: {(<Change.modified: 2>, 'E:\\Next JS\\researchbot\\backend\\logs\\research_assistant_20250831_221545.log')}
2025-08-31 22:37:59,632 - DEBUG - 1 change detected: {(<Change.modified: 2>, 'E:\\Next JS\\researchbot\\backend\\logs\\research_assistant_20250831_221545.log')}
2025-08-31 22:38:00,043 - DEBUG - 1 change detected: {(<Change.modified: 2>, 'E:\\Next JS\\researchbot\\backend\\logs\\research_assistant_20250831_221545.log')}
2025-08-31 22:38:00,449 - DEBUG - 1 change detected: {(<Change.modified: 2>, 'E:\\Next JS\\researchbot\\backend\\logs\\research_assistant_20250831_221545.log')}
2025-08-31 22:38:00,856 - DEBUG - 1 change detected: {(<Change.modified: 2>, 'E:\\Next JS\\researchbot\\backend\\logs\\research_assistant_20250831_221545.log')}
2025-08-31 22:38:01,266 - DEBUG - 1 change detected: {(<Change.modified: 2>, 'E:\\Next JS\\researchbot\\backend\\logs\\research_assistant_20250831_221545.log')}
2025-08-31 22:38:01,626 - DEBUG - 1 change detected: {(<Change.modified: 2>, 'E:\\Next JS\\researchbot\\backend\\logs\\research_assistant_20250831_221545.log')}
2025-08-31 22:38:02,050 - DEBUG - 1 change detected: {(<Change.modified: 2>, 'E:\\Next JS\\researchbot\\backend\\logs\\research_assistant_20250831_221545.log')}
2025-08-31 22:38:02,454 - DEBUG - 1 change detected: {(<Change.modified: 2>, 'E:\\Next JS\\researchbot\\backend\\logs\\research_assistant_20250831_221545.log')}
2025-08-31 22:38:02,816 - DEBUG - 1 change detected: {(<Change.modified: 2>, 'E:\\Next JS\\researchbot\\backend\\logs\\research_assistant_20250831_221545.log')}
2025-08-31 22:38:03,281 - DEBUG - 1 change detected: {(<Change.modified: 2>, 'E:\\Next JS\\researchbot\\backend\\logs\\research_assistant_20250831_221545.log')}
2025-08-31 22:38:03,646 - DEBUG - 1 change detected: {(<Change.modified: 2>, 'E:\\Next JS\\researchbot\\backend\\logs\\research_assistant_20250831_221545.log')}
2025-08-31 22:38:04,061 - DEBUG - 1 change detected: {(<Change.modified: 2>, 'E:\\Next JS\\researchbot\\backend\\logs\\research_assistant_20250831_221545.log')}
2025-08-31 22:38:04,475 - DEBUG - 1 change detected: {(<Change.modified: 2>, 'E:\\Next JS\\researchbot\\backend\\logs\\research_assistant_20250831_221545.log')}
2025-08-31 22:38:04,834 - DEBUG - 1 change detected: {(<Change.modified: 2>, 'E:\\Next JS\\researchbot\\backend\\logs\\research_assistant_20250831_221545.log')}
2025-08-31 22:38:05,241 - DEBUG - 1 change detected: {(<Change.modified: 2>, 'E:\\Next JS\\researchbot\\backend\\logs\\research_assistant_20250831_221545.log')}
2025-08-31 22:38:05,649 - DEBUG - 1 change detected: {(<Change.modified: 2>, 'E:\\Next JS\\researchbot\\backend\\logs\\research_assistant_20250831_221545.log')}
2025-08-31 22:38:06,058 - DEBUG - 1 change detected: {(<Change.modified: 2>, 'E:\\Next JS\\researchbot\\backend\\logs\\research_assistant_20250831_221545.log')}
2025-08-31 22:38:06,437 - DEBUG - 1 change detected: {(<Change.modified: 2>, 'E:\\Next JS\\researchbot\\backend\\logs\\research_assistant_20250831_221545.log')}
2025-08-31 22:38:06,846 - DEBUG - 1 change detected: {(<Change.modified: 2>, 'E:\\Next JS\\researchbot\\backend\\logs\\research_assistant_20250831_221545.log')}
2025-08-31 22:38:07,257 - DEBUG - 1 change detected: {(<Change.modified: 2>, 'E:\\Next JS\\researchbot\\backend\\logs\\research_assistant_20250831_221545.log')}
2025-08-31 22:38:07,720 - DEBUG - 1 change detected: {(<Change.modified: 2>, 'E:\\Next JS\\researchbot\\backend\\logs\\research_assistant_20250831_221545.log')}
2025-08-31 22:38:08,163 - DEBUG - 1 change detected: {(<Change.modified: 2>, 'E:\\Next JS\\researchbot\\backend\\logs\\research_assistant_20250831_221545.log')}
2025-08-31 22:38:08,519 - DEBUG - 1 change detected: {(<Change.modified: 2>, 'E:\\Next JS\\researchbot\\backend\\logs\\research_assistant_20250831_221545.log')}
2025-08-31 22:38:08,931 - DEBUG - 1 change detected: {(<Change.modified: 2>, 'E:\\Next JS\\researchbot\\backend\\logs\\research_assistant_20250831_221545.log')}
2025-08-31 22:38:09,338 - DEBUG - 1 change detected: {(<Change.modified: 2>, 'E:\\Next JS\\researchbot\\backend\\logs\\research_assistant_20250831_221545.log')}
2025-08-31 22:38:09,796 - DEBUG - 1 change detected: {(<Change.modified: 2>, 'E:\\Next JS\\researchbot\\backend\\logs\\research_assistant_20250831_221545.log')}
2025-08-31 22:38:10,199 - DEBUG - 1 change detected: {(<Change.modified: 2>, 'E:\\Next JS\\researchbot\\backend\\logs\\research_assistant_20250831_221545.log')}
2025-08-31 22:38:10,603 - DEBUG - 1 change detected: {(<Change.modified: 2>, 'E:\\Next JS\\researchbot\\backend\\logs\\research_assistant_20250831_221545.log')}
2025-08-31 22:38:11,015 - DEBUG - 1 change detected: {(<Change.modified: 2>, 'E:\\Next JS\\researchbot\\backend\\logs\\research_assistant_20250831_221545.log')}
2025-08-31 22:38:11,379 - DEBUG - 1 change detected: {(<Change.modified: 2>, 'E:\\Next JS\\researchbot\\backend\\logs\\research_assistant_20250831_221545.log')}
2025-08-31 22:38:11,787 - DEBUG - 1 change detected: {(<Change.modified: 2>, 'E:\\Next JS\\researchbot\\backend\\logs\\research_assistant_20250831_221545.log')}
2025-08-31 22:38:12,195 - DEBUG - 1 change detected: {(<Change.modified: 2>, 'E:\\Next JS\\researchbot\\backend\\logs\\research_assistant_20250831_221545.log')}
